2024-09-10 23:21:59.7904 | INFO | Usuario a NombreDomain.Service.UsuarioIn 
2024-09-10 23:22:01.4690 | INFO | Executed DbCommand (101ms) [Parameters=[@Nombre='?' (Size = 7), @Apellido='?' (Size = 5), @Edad='?' (DbType = Int32), @Correo='?' (Size = 23), @Hobbies='?' (Size = 28)], CommandType='Text', CommandTimeout='30']
EXEC Sp_InsertarUsuario @Nombre, @Apellido, @Edad, @Correo,  @Hobbies 
2024-09-10 23:22:01.4867 | INFO | Usuario a insertarDomain.Service.UsuarioIn 
2024-09-10 23:22:01.4921 | INFO | Executed DbCommand (4ms) [Parameters=[@Nombre='?' (Size = 6), @Apellido='?' (Size = 6), @Edad='?' (DbType = Int32), @Correo='?' (Size = 18), @Hobbies='?' (Size = 20)], CommandType='Text', CommandTimeout='30']
EXEC Sp_InsertarUsuario @Nombre, @Apellido, @Edad, @Correo,  @Hobbies 
2024-09-10 23:22:01.8155 | INFO | Executed DbCommand (62ms) [Parameters=[], CommandType='Text', CommandTimeout='30']
 EXEC  Sp_ListarUsuariosCreados 
2024-09-10 23:22:01.8427 | INFO | lista usuarios 
2024-09-10 23:22:01.8427 | INFO | Usuario a NombreAlexis  
2024-09-10 23:22:01.8427 | INFO | Usuario a ApellidoBueno 
2024-09-10 23:22:01.8427 | INFO | Usuario a Edad36 
2024-09-10 23:22:01.8427 | INFO | Usuario a Correoalexisrock20@gmmail.com 
2024-09-10 23:22:01.8427 | INFO | Usuario a HobbiesEstudiar,HacerEjercicio,leer 
2024-09-10 23:22:01.8427 | INFO | Usuario a ActivoTrue 
2024-09-10 23:22:01.8491 | INFO | Usuario a FechaInsercion10/09/2024 23:22:01 
2024-09-10 23:22:01.8491 | INFO | 
 
2024-09-10 23:22:01.8491 | INFO | Usuario a Nombremaria  
2024-09-10 23:22:01.8491 | INFO | Usuario a Apellidocastro 
2024-09-10 23:22:01.8491 | INFO | Usuario a Edad26 
2024-09-10 23:22:01.8491 | INFO | Usuario a Correomcastro@gmmail.com 
2024-09-10 23:22:01.8491 | INFO | Usuario a Hobbiescorrer,leer,Trabajar 
2024-09-10 23:22:01.8491 | INFO | Usuario a ActivoTrue 
2024-09-10 23:22:01.8491 | INFO | Usuario a FechaInsercion10/09/2024 23:22:01 
2024-09-10 23:22:01.8491 | INFO | 
 
2024-09-10 23:22:01.8676 | INFO | Executed DbCommand (13ms) [Parameters=[@Edad='?' (DbType = Int32)], CommandType='Text', CommandTimeout='30']
 EXEC  Sp_ListadoEdadUsuario @Edad 
2024-09-10 23:22:01.8676 | INFO | lista usuarios por edad 
2024-09-10 23:22:01.8676 | INFO | Usuario a NombreAlexis  
2024-09-10 23:22:01.8676 | INFO | Usuario a ApellidoBueno 
2024-09-10 23:22:01.8676 | INFO | Usuario a Edad36 
2024-09-10 23:22:01.8676 | INFO | Usuario a Correoalexisrock20@gmmail.com 
2024-09-10 23:22:01.8676 | INFO | Usuario a HobbiesEstudiar,HacerEjercicio,leer 
2024-09-10 23:22:01.8676 | INFO | Usuario a ActivoTrue 
2024-09-10 23:22:01.8676 | INFO | Usuario a FechaInsercion10/09/2024 23:22:01 
2024-09-10 23:22:01.8676 | INFO | 
 
